<?xml version="1.0" encoding="UTF-8"?>
<!-- Generated by org.testng.reporters.JUnitXMLReporter -->
<testsuite ignored="0" hostname="DESKTOP-CB7OS3J" failures="0" tests="3" name="Test" time="0.113" errors="0" timestamp="2023-03-10T18:35:38 IST">
  <testcase classname="Log4jBasics.OptimisedLog4jBasics1" name="loginTC1" time="0.021"/>
  <testcase classname="Log4jBasics.OptimisedLog4jBasics2" name="CreateOrder" time="0.006"/>
  <testcase classname="Log4jBasics.OptimisedLog4jBasics3" name="searchForProduct" time="0.006"/>
</testsuite> <!-- Test -->
