<?xml version="1.0" encoding="UTF-8"?>
<!-- Generated by org.testng.reporters.JUnitXMLReporter -->
<testsuite ignored="0" hostname="DESKTOP-CB7OS3J" failures="0" tests="3" name="Test" time="0.045" errors="0" timestamp="2023-03-07T18:45:35 IST">
  <testcase classname="TestNGBasics.TestAnnotation2" name="testA" time="0.006"/>
  <testcase classname="TestNGBasics.TestAnnotation2" name="testB" time="0.001"/>
  <testcase classname="TestNGBasics.TestAnnotation" name="testA" time="0.001"/>
</testsuite> <!-- Test -->
