<?xml version="1.0" encoding="UTF-8"?>
<testng-results ignored="0" total="3" passed="3" failed="0" skipped="0">
  <reporter-output>
  </reporter-output>
  <suite started-at="2023-03-10T18:35:38 IST" name="Suite" finished-at="2023-03-10T18:35:38 IST" duration-ms="113">
    <groups>
    </groups>
    <test started-at="2023-03-10T18:35:38 IST" name="Test" finished-at="2023-03-10T18:35:38 IST" duration-ms="113">
      <class name="Log4jBasics.OptimisedLog4jBasics2">
        <test-method signature="CreateOrder()[pri:0, instance:Log4jBasics.OptimisedLog4jBasics2@57a78e3]" started-at="2023-03-10T18:35:38 IST" name="CreateOrder" finished-at="2023-03-10T18:35:38 IST" duration-ms="6" status="PASS">
          <reporter-output>
          </reporter-output>
        </test-method> <!-- CreateOrder -->
      </class> <!-- Log4jBasics.OptimisedLog4jBasics2 -->
      <class name="Log4jBasics.OptimisedLog4jBasics3">
        <test-method signature="searchForProduct()[pri:0, instance:Log4jBasics.OptimisedLog4jBasics3@402c4085]" started-at="2023-03-10T18:35:38 IST" name="searchForProduct" finished-at="2023-03-10T18:35:38 IST" duration-ms="6" status="PASS">
          <reporter-output>
          </reporter-output>
        </test-method> <!-- searchForProduct -->
      </class> <!-- Log4jBasics.OptimisedLog4jBasics3 -->
      <class name="Log4jBasics.OptimisedLog4jBasics1">
        <test-method signature="loginTC1()[pri:0, instance:Log4jBasics.OptimisedLog4jBasics1@4b29d1d2]" started-at="2023-03-10T18:35:38 IST" name="loginTC1" finished-at="2023-03-10T18:35:38 IST" duration-ms="21" status="PASS">
          <reporter-output>
          </reporter-output>
        </test-method> <!-- loginTC1 -->
      </class> <!-- Log4jBasics.OptimisedLog4jBasics1 -->
    </test> <!-- Test -->
  </suite> <!-- Suite -->
</testng-results>
